2024-06-08 18:16:10,555 - werkzeug - WARNING -  * Debugger is active!
2024-06-08 18:16:10,555 - werkzeug - INFO -  * Debugger PIN: 524-705-710
2024-06-08 18:19:36,816 - werkzeug - INFO -  * Detected change in '/app/app.py', reloading
2024-06-08 18:19:36,934 - werkzeug - WARNING -  * Debugger is active!
2024-06-08 18:19:36,935 - werkzeug - INFO -  * Debugger PIN: 524-705-710
2024-06-08 18:19:37,940 - werkzeug - INFO -  * Detected change in '/app/app.py', reloading
2024-06-08 18:19:38,073 - werkzeug - WARNING -  * Debugger is active!
2024-06-08 18:19:38,073 - werkzeug - INFO -  * Debugger PIN: 524-705-710
2024-06-08 18:19:39,078 - werkzeug - INFO -  * Detected change in '/app/app.py', reloading
2024-06-08 18:19:39,192 - werkzeug - WARNING -  * Debugger is active!
2024-06-08 18:19:39,192 - werkzeug - INFO -  * Debugger PIN: 524-705-710
2024-06-08 18:26:09,684 - werkzeug - INFO -  * Detected change in '/app/app.py', reloading
2024-06-08 18:26:09,787 - werkzeug - WARNING -  * Debugger is active!
2024-06-08 18:26:09,788 - werkzeug - INFO -  * Debugger PIN: 524-705-710
2024-06-08 18:26:17,799 - werkzeug - INFO -  * Detected change in '/app/components/upload.py', reloading
2024-06-08 18:26:23,025 - werkzeug - WARNING -  * Debugger is active!
2024-06-08 18:26:23,025 - werkzeug - INFO -  * Debugger PIN: 524-705-710
2024-06-08 18:26:42,050 - werkzeug - INFO -  * Detected change in '/app/app.py', reloading
2024-06-08 18:26:42,150 - werkzeug - WARNING -  * Debugger is active!
2024-06-08 18:26:42,150 - werkzeug - INFO -  * Debugger PIN: 524-705-710
2024-06-08 18:26:44,157 - werkzeug - INFO -  * Detected change in '/app/app.py', reloading
2024-06-08 18:26:44,260 - werkzeug - WARNING -  * Debugger is active!
2024-06-08 18:26:44,260 - werkzeug - INFO -  * Debugger PIN: 524-705-710
2024-06-08 18:26:59,284 - werkzeug - INFO -  * Detected change in '/app/app.py', reloading
2024-06-08 18:26:59,388 - werkzeug - WARNING -  * Debugger is active!
2024-06-08 18:26:59,388 - werkzeug - INFO -  * Debugger PIN: 524-705-710
2024-06-08 18:27:05,397 - werkzeug - INFO -  * Detected change in '/app/components/upload.py', reloading
2024-06-08 18:27:05,521 - werkzeug - WARNING -  * Debugger is active!
2024-06-08 18:27:05,521 - werkzeug - INFO -  * Debugger PIN: 524-705-710
2024-06-08 18:27:09,529 - werkzeug - INFO -  * Detected change in '/app/components/upload.py', reloading
2024-06-08 18:27:09,655 - werkzeug - WARNING -  * Debugger is active!
2024-06-08 18:27:09,655 - werkzeug - INFO -  * Debugger PIN: 524-705-710
2024-06-08 18:29:07,811 - werkzeug - INFO -  * Detected change in '/app/components/upload.py', reloading
2024-06-08 18:29:07,924 - werkzeug - WARNING -  * Debugger is active!
2024-06-08 18:29:07,924 - werkzeug - INFO -  * Debugger PIN: 524-705-710
2024-06-08 18:30:08,896 - werkzeug - INFO - 172.20.0.1 - - [08/Jun/2024 18:30:08] "[32mPOST /upload HTTP/1.1[0m" 308 -
2024-06-08 18:30:08,916 - components.upload - INFO - File test.pdf uploaded
2024-06-08 18:30:08,917 - werkzeug - INFO - 172.20.0.1 - - [08/Jun/2024 18:30:08] "POST /upload/ HTTP/1.1" 200 -
2024-06-08 18:31:30,101 - werkzeug - INFO -  * Detected change in '/app/components/upload.py', reloading
2024-06-08 18:31:30,212 - werkzeug - WARNING -  * Debugger is active!
2024-06-08 18:31:30,213 - werkzeug - INFO -  * Debugger PIN: 524-705-710
2024-06-08 18:31:33,218 - werkzeug - INFO -  * Detected change in '/app/components/upload.py', reloading
2024-06-08 18:31:33,336 - werkzeug - WARNING -  * Debugger is active!
2024-06-08 18:31:33,336 - werkzeug - INFO -  * Debugger PIN: 524-705-710
2024-06-08 18:40:09,713 - werkzeug - INFO - [31m[1mWARNING: This is a development server. Do not use it in a production deployment. Use a production WSGI server instead.[0m
 * Running on all addresses (0.0.0.0)
 * Running on http://127.0.0.1:80
 * Running on http://172.20.0.2:80
2024-06-08 18:40:09,713 - werkzeug - INFO - [33mPress CTRL+C to quit[0m
2024-06-08 18:40:09,713 - werkzeug - INFO -  * Restarting with stat
2024-06-08 18:40:09,869 - werkzeug - WARNING -  * Debugger is active!
2024-06-08 18:40:09,870 - werkzeug - INFO -  * Debugger PIN: 524-705-710
2024-06-08 18:40:54,936 - werkzeug - INFO -  * Detected change in '/app/config.py', reloading
2024-06-08 18:40:54,952 - werkzeug - INFO -  * Restarting with stat
2024-06-08 18:40:55,058 - werkzeug - WARNING -  * Debugger is active!
2024-06-08 18:40:55,059 - werkzeug - INFO -  * Debugger PIN: 524-705-710
2024-06-08 18:41:01,069 - werkzeug - INFO -  * Detected change in '/app/config.py', reloading
2024-06-08 18:41:01,086 - werkzeug - INFO -  * Restarting with stat
2024-06-08 18:41:01,187 - werkzeug - WARNING -  * Debugger is active!
2024-06-08 18:41:01,187 - werkzeug - INFO -  * Debugger PIN: 524-705-710
2024-06-08 18:41:31,237 - werkzeug - INFO -  * Detected change in '/app/config.py', reloading
2024-06-08 18:41:31,251 - werkzeug - INFO -  * Restarting with stat
2024-06-08 18:41:31,360 - werkzeug - WARNING -  * Debugger is active!
2024-06-08 18:41:31,361 - werkzeug - INFO -  * Debugger PIN: 524-705-710
2024-06-08 18:41:33,366 - werkzeug - INFO -  * Detected change in '/app/config.py', reloading
2024-06-08 18:41:33,382 - werkzeug - INFO -  * Restarting with stat
2024-06-08 18:41:33,490 - werkzeug - WARNING -  * Debugger is active!
2024-06-08 18:41:33,491 - werkzeug - INFO -  * Debugger PIN: 524-705-710
2024-06-08 18:41:36,498 - werkzeug - INFO -  * Detected change in '/app/config.py', reloading
2024-06-08 18:41:36,512 - werkzeug - INFO -  * Restarting with stat
2024-06-08 18:41:36,608 - werkzeug - WARNING -  * Debugger is active!
2024-06-08 18:41:36,609 - werkzeug - INFO -  * Debugger PIN: 524-705-710
2024-06-08 18:43:07,729 - werkzeug - INFO -  * Detected change in '/app/db.py', reloading
2024-06-08 18:43:07,745 - werkzeug - INFO -  * Restarting with stat
2024-06-08 18:43:07,854 - werkzeug - WARNING -  * Debugger is active!
2024-06-08 18:43:07,855 - werkzeug - INFO -  * Debugger PIN: 524-705-710
2024-06-08 18:46:27,116 - werkzeug - INFO -  * Detected change in '/app/models.py', reloading
2024-06-08 18:46:27,131 - werkzeug - INFO -  * Restarting with stat
2024-06-08 18:46:27,237 - werkzeug - WARNING -  * Debugger is active!
2024-06-08 18:46:27,238 - werkzeug - INFO -  * Debugger PIN: 524-705-710
2024-06-08 18:48:25,390 - werkzeug - INFO -  * Detected change in '/app/models.py', reloading
2024-06-08 18:48:25,405 - werkzeug - INFO -  * Restarting with stat
2024-06-08 18:48:25,513 - werkzeug - WARNING -  * Debugger is active!
2024-06-08 18:48:25,514 - werkzeug - INFO -  * Debugger PIN: 524-705-710
2024-06-08 19:00:39,527 - werkzeug - INFO -  * Detected change in '/app/models.py', reloading
2024-06-08 19:00:39,542 - werkzeug - INFO -  * Restarting with stat
2024-06-08 19:00:39,646 - werkzeug - WARNING -  * Debugger is active!
2024-06-08 19:00:39,646 - werkzeug - INFO -  * Debugger PIN: 524-705-710
2024-06-08 19:00:40,651 - werkzeug - INFO -  * Detected change in '/app/models.py', reloading
2024-06-08 19:00:40,666 - werkzeug - INFO -  * Restarting with stat
2024-06-08 19:00:40,769 - werkzeug - WARNING -  * Debugger is active!
2024-06-08 19:00:40,770 - werkzeug - INFO -  * Debugger PIN: 524-705-710
2024-06-08 19:06:57,238 - werkzeug - INFO -  * Detected change in '/app/models.py', reloading
2024-06-08 19:06:57,258 - werkzeug - INFO -  * Restarting with stat
2024-06-08 19:06:57,355 - werkzeug - WARNING -  * Debugger is active!
2024-06-08 19:06:57,355 - werkzeug - INFO -  * Debugger PIN: 524-705-710
2024-06-08 19:12:12,763 - werkzeug - INFO -  * Detected change in '/app/models.py', reloading
2024-06-08 19:12:12,779 - werkzeug - INFO -  * Restarting with stat
2024-06-08 19:12:12,891 - werkzeug - WARNING -  * Debugger is active!
2024-06-08 19:12:12,891 - werkzeug - INFO -  * Debugger PIN: 524-705-710
2024-06-08 20:55:34,335 - werkzeug - INFO -  * Detected change in '/app/models.py', reloading
2024-06-08 20:55:34,347 - werkzeug - INFO -  * Restarting with stat
2024-06-08 20:55:34,426 - werkzeug - WARNING -  * Debugger is active!
2024-06-08 20:55:34,427 - werkzeug - INFO -  * Debugger PIN: 524-705-710
2024-06-08 20:56:03,464 - werkzeug - INFO -  * Detected change in '/app/models.py', reloading
2024-06-08 20:56:03,477 - werkzeug - INFO -  * Restarting with stat
2024-06-08 20:56:03,561 - werkzeug - WARNING -  * Debugger is active!
2024-06-08 20:56:03,562 - werkzeug - INFO -  * Debugger PIN: 524-705-710
2024-06-08 20:56:48,617 - werkzeug - INFO -  * Detected change in '/app/models.py', reloading
2024-06-08 20:56:48,630 - werkzeug - INFO -  * Restarting with stat
2024-06-08 20:56:48,716 - werkzeug - WARNING -  * Debugger is active!
2024-06-08 20:56:48,716 - werkzeug - INFO -  * Debugger PIN: 524-705-710
2024-06-08 20:57:05,736 - werkzeug - INFO -  * Detected change in '/app/models.py', reloading
2024-06-08 20:57:05,749 - werkzeug - INFO -  * Restarting with stat
2024-06-08 20:57:05,835 - werkzeug - WARNING -  * Debugger is active!
2024-06-08 20:57:05,835 - werkzeug - INFO -  * Debugger PIN: 524-705-710
2024-06-08 20:57:06,838 - werkzeug - INFO -  * Detected change in '/app/models.py', reloading
2024-06-08 20:57:06,851 - werkzeug - INFO -  * Restarting with stat
2024-06-08 20:57:06,937 - werkzeug - WARNING -  * Debugger is active!
2024-06-08 20:57:06,937 - werkzeug - INFO -  * Debugger PIN: 524-705-710
2024-06-08 21:02:11,334 - werkzeug - INFO -  * Detected change in '/app/app.py', reloading
2024-06-08 21:02:11,347 - werkzeug - INFO -  * Restarting with stat
2024-06-08 21:02:11,435 - werkzeug - WARNING -  * Debugger is active!
2024-06-08 21:02:11,435 - werkzeug - INFO -  * Debugger PIN: 106-547-929
2024-06-08 21:02:21,449 - werkzeug - INFO -  * Detected change in '/app/app.py', reloading
2024-06-08 21:02:21,466 - werkzeug - INFO -  * Restarting with stat
2024-06-08 21:02:21,579 - werkzeug - WARNING -  * Debugger is active!
2024-06-08 21:02:21,580 - werkzeug - INFO -  * Debugger PIN: 106-547-929
2024-06-08 21:05:08,799 - werkzeug - INFO -  * Detected change in '/app/app.py', reloading
2024-06-08 21:05:08,813 - werkzeug - INFO -  * Restarting with stat
2024-06-08 21:05:08,914 - werkzeug - WARNING -  * Debugger is active!
2024-06-08 21:05:08,914 - werkzeug - INFO -  * Debugger PIN: 106-547-929
2024-06-08 21:05:38,950 - werkzeug - INFO -  * Detected change in '/app/db.py', reloading
2024-06-08 21:05:38,966 - werkzeug - INFO -  * Restarting with stat
2024-06-08 21:05:39,060 - werkzeug - WARNING -  * Debugger is active!
2024-06-08 21:05:39,060 - werkzeug - INFO -  * Debugger PIN: 106-547-929
2024-06-08 21:05:46,071 - werkzeug - INFO -  * Detected change in '/app/db.py', reloading
2024-06-08 21:05:46,086 - werkzeug - INFO -  * Restarting with stat
2024-06-08 21:05:46,191 - werkzeug - WARNING -  * Debugger is active!
2024-06-08 21:05:46,191 - werkzeug - INFO -  * Debugger PIN: 106-547-929
2024-06-08 21:06:05,215 - werkzeug - INFO -  * Detected change in '/app/app.py', reloading
2024-06-08 21:06:05,229 - werkzeug - INFO -  * Restarting with stat
2024-06-08 21:06:05,315 - werkzeug - WARNING -  * Debugger is active!
2024-06-08 21:06:05,315 - werkzeug - INFO -  * Debugger PIN: 106-547-929
2024-06-08 21:06:10,323 - werkzeug - INFO -  * Detected change in '/app/db.py', reloading
2024-06-08 21:06:10,337 - werkzeug - INFO -  * Restarting with stat
2024-06-08 21:06:10,422 - werkzeug - WARNING -  * Debugger is active!
2024-06-08 21:06:10,422 - werkzeug - INFO -  * Debugger PIN: 106-547-929
2024-06-08 21:06:18,437 - werkzeug - INFO -  * Detected change in '/app/app.py', reloading
2024-06-08 21:06:18,451 - werkzeug - INFO -  * Restarting with stat
2024-06-08 21:06:18,540 - werkzeug - WARNING -  * Debugger is active!
2024-06-08 21:06:18,540 - werkzeug - INFO -  * Debugger PIN: 106-547-929
2024-06-08 21:06:36,566 - werkzeug - INFO -  * Detected change in '/app/app.py', reloading
2024-06-08 21:06:36,581 - werkzeug - INFO -  * Restarting with stat
2024-06-08 21:06:36,670 - werkzeug - WARNING -  * Debugger is active!
2024-06-08 21:06:36,670 - werkzeug - INFO -  * Debugger PIN: 106-547-929
2024-06-08 21:06:45,683 - werkzeug - INFO -  * Detected change in '/app/app.py', reloading
2024-06-08 21:06:45,696 - werkzeug - INFO -  * Restarting with stat
2024-06-08 21:06:45,788 - werkzeug - WARNING -  * Debugger is active!
2024-06-08 21:06:45,789 - werkzeug - INFO -  * Debugger PIN: 106-547-929
2024-06-08 21:07:04,817 - werkzeug - INFO -  * Detected change in '/app/app.py', reloading
2024-06-08 21:07:04,836 - werkzeug - INFO -  * Restarting with stat
2024-06-08 21:07:04,956 - werkzeug - WARNING -  * Debugger is active!
2024-06-08 21:07:04,957 - werkzeug - INFO -  * Debugger PIN: 106-547-929
2024-06-08 21:07:09,966 - werkzeug - INFO -  * Detected change in '/app/db.py', reloading
2024-06-08 21:07:09,979 - werkzeug - INFO -  * Restarting with stat
2024-06-08 21:07:10,081 - werkzeug - WARNING -  * Debugger is active!
2024-06-08 21:07:10,081 - werkzeug - INFO -  * Debugger PIN: 106-547-929
2024-06-08 21:07:12,088 - werkzeug - INFO -  * Detected change in '/app/db.py', reloading
2024-06-08 21:07:12,102 - werkzeug - INFO -  * Restarting with stat
2024-06-08 21:07:12,209 - werkzeug - WARNING -  * Debugger is active!
2024-06-08 21:07:12,210 - werkzeug - INFO -  * Debugger PIN: 106-547-929
2024-06-08 21:08:20,387 - werkzeug - INFO - 172.20.0.1 - - [08/Jun/2024 21:08:20] "[35m[1mGET / HTTP/1.1[0m" 500 -
2024-06-08 21:08:20,418 - werkzeug - INFO - 172.20.0.1 - - [08/Jun/2024 21:08:20] "[36mGET /?__debugger__=yes&cmd=resource&f=style.css HTTP/1.1[0m" 304 -
2024-06-08 21:08:20,419 - werkzeug - INFO - 172.20.0.1 - - [08/Jun/2024 21:08:20] "[36mGET /?__debugger__=yes&cmd=resource&f=debugger.js HTTP/1.1[0m" 304 -
2024-06-08 21:08:20,464 - werkzeug - INFO - 172.20.0.1 - - [08/Jun/2024 21:08:20] "[36mGET /?__debugger__=yes&cmd=resource&f=console.png HTTP/1.1[0m" 304 -
2024-06-08 21:08:20,614 - werkzeug - INFO - 172.20.0.1 - - [08/Jun/2024 21:08:20] "[36mGET /?__debugger__=yes&cmd=resource&f=console.png HTTP/1.1[0m" 304 -
2024-06-08 21:08:21,073 - werkzeug - INFO - 172.20.0.1 - - [08/Jun/2024 21:08:21] "[35m[1mGET / HTTP/1.1[0m" 500 -
2024-06-08 21:08:21,101 - werkzeug - INFO - 172.20.0.1 - - [08/Jun/2024 21:08:21] "[36mGET /?__debugger__=yes&cmd=resource&f=style.css HTTP/1.1[0m" 304 -
2024-06-08 21:08:21,101 - werkzeug - INFO - 172.20.0.1 - - [08/Jun/2024 21:08:21] "[36mGET /?__debugger__=yes&cmd=resource&f=debugger.js HTTP/1.1[0m" 304 -
2024-06-08 21:08:21,128 - werkzeug - INFO - 172.20.0.1 - - [08/Jun/2024 21:08:21] "[36mGET /?__debugger__=yes&cmd=resource&f=console.png HTTP/1.1[0m" 304 -
2024-06-08 21:08:21,196 - werkzeug - INFO - 172.20.0.1 - - [08/Jun/2024 21:08:21] "[36mGET /?__debugger__=yes&cmd=resource&f=console.png HTTP/1.1[0m" 304 -
2024-06-08 21:08:43,326 - werkzeug - INFO -  * Detected change in '/app/app.py', reloading
2024-06-08 21:08:43,340 - werkzeug - INFO -  * Restarting with stat
2024-06-08 21:08:43,656 - werkzeug - WARNING -  * Debugger is active!
2024-06-08 21:08:43,657 - werkzeug - INFO -  * Debugger PIN: 106-547-929
2024-06-08 21:08:51,573 - werkzeug - INFO - 172.20.0.1 - - [08/Jun/2024 21:08:51] "[35m[1mGET / HTTP/1.1[0m" 500 -
2024-06-08 21:08:51,587 - werkzeug - INFO - 172.20.0.1 - - [08/Jun/2024 21:08:51] "[36mGET /?__debugger__=yes&cmd=resource&f=style.css HTTP/1.1[0m" 304 -
2024-06-08 21:08:51,587 - werkzeug - INFO - 172.20.0.1 - - [08/Jun/2024 21:08:51] "[36mGET /?__debugger__=yes&cmd=resource&f=debugger.js HTTP/1.1[0m" 304 -
2024-06-08 21:08:51,599 - werkzeug - INFO - 172.20.0.1 - - [08/Jun/2024 21:08:51] "[36mGET /?__debugger__=yes&cmd=resource&f=console.png HTTP/1.1[0m" 304 -
2024-06-08 21:08:51,645 - werkzeug - INFO - 172.20.0.1 - - [08/Jun/2024 21:08:51] "[36mGET /?__debugger__=yes&cmd=resource&f=console.png HTTP/1.1[0m" 304 -
2024-06-08 21:12:55,503 - werkzeug - INFO - [31m[1mWARNING: This is a development server. Do not use it in a production deployment. Use a production WSGI server instead.[0m
 * Running on all addresses (0.0.0.0)
 * Running on http://127.0.0.1:80
 * Running on http://172.18.0.3:80
2024-06-08 21:12:55,503 - werkzeug - INFO - [33mPress CTRL+C to quit[0m
2024-06-08 21:12:55,504 - werkzeug - INFO -  * Restarting with stat
2024-06-08 21:12:55,925 - werkzeug - WARNING -  * Debugger is active!
2024-06-08 21:12:55,926 - werkzeug - INFO -  * Debugger PIN: 561-016-852
2024-06-08 21:13:45,435 - werkzeug - INFO - 172.18.0.1 - - [08/Jun/2024 21:13:45] "GET / HTTP/1.1" 200 -
2024-06-08 21:15:26,124 - werkzeug - INFO -  * Detected change in '/app/app.py', reloading
2024-06-08 21:15:26,171 - werkzeug - INFO -  * Restarting with stat
2024-06-08 21:15:26,465 - werkzeug - WARNING -  * Debugger is active!
2024-06-08 21:15:26,466 - werkzeug - INFO -  * Debugger PIN: 561-016-852
2024-06-08 21:15:36,483 - werkzeug - INFO -  * Detected change in '/app/db.py', reloading
2024-06-08 21:15:36,521 - werkzeug - INFO -  * Restarting with stat
2024-06-08 21:15:36,786 - werkzeug - WARNING -  * Debugger is active!
2024-06-08 21:15:36,786 - werkzeug - INFO -  * Debugger PIN: 561-016-852
2024-06-08 21:15:38,723 - werkzeug - INFO - 172.18.0.1 - - [08/Jun/2024 21:15:38] "GET / HTTP/1.1" 200 -
2024-06-08 21:15:39,215 - werkzeug - INFO - 172.18.0.1 - - [08/Jun/2024 21:15:39] "GET / HTTP/1.1" 200 -
2024-06-08 21:15:39,303 - werkzeug - INFO - 172.18.0.1 - - [08/Jun/2024 21:15:39] "[33mGET /favicon.ico HTTP/1.1[0m" 404 -
2024-06-08 21:19:19,278 - werkzeug - INFO - 172.18.0.1 - - [08/Jun/2024 21:19:19] "[32mPOST /upload HTTP/1.1[0m" 308 -
2024-06-08 21:19:19,304 - werkzeug - INFO - 172.18.0.1 - - [08/Jun/2024 21:19:19] "[35m[1mPOST /upload/ HTTP/1.1[0m" 500 -
2024-06-08 21:20:03,159 - werkzeug - INFO -  * Detected change in '/app/db.py', reloading
2024-06-08 21:20:03,206 - werkzeug - INFO -  * Restarting with stat
2024-06-08 21:20:03,497 - werkzeug - WARNING -  * Debugger is active!
2024-06-08 21:20:03,498 - werkzeug - INFO -  * Debugger PIN: 561-016-852
2024-06-08 21:20:12,521 - werkzeug - INFO -  * Detected change in '/app/app.py', reloading
2024-06-08 21:20:12,564 - werkzeug - INFO -  * Restarting with stat
2024-06-08 21:20:12,867 - werkzeug - WARNING -  * Debugger is active!
2024-06-08 21:20:12,868 - werkzeug - INFO -  * Debugger PIN: 187-117-398
2024-06-08 21:20:56,931 - werkzeug - INFO -  * Detected change in '/app/db.py', reloading
2024-06-08 21:20:56,968 - werkzeug - INFO -  * Restarting with stat
2024-06-08 21:20:57,230 - werkzeug - WARNING -  * Debugger is active!
2024-06-08 21:20:57,231 - werkzeug - INFO -  * Debugger PIN: 187-117-398
2024-06-08 21:21:07,248 - werkzeug - INFO -  * Detected change in '/app/app.py', reloading
2024-06-08 21:21:07,285 - werkzeug - INFO -  * Restarting with stat
2024-06-08 21:21:07,549 - werkzeug - WARNING -  * Debugger is active!
2024-06-08 21:21:07,549 - werkzeug - INFO -  * Debugger PIN: 561-016-852
2024-06-08 21:21:16,565 - werkzeug - INFO -  * Detected change in '/app/db.py', reloading
2024-06-08 21:21:16,604 - werkzeug - INFO -  * Restarting with stat
2024-06-08 21:21:16,877 - werkzeug - WARNING -  * Debugger is active!
2024-06-08 21:21:16,878 - werkzeug - INFO -  * Debugger PIN: 561-016-852
2024-06-08 21:21:19,343 - werkzeug - INFO - 172.18.0.1 - - [08/Jun/2024 21:21:19] "GET / HTTP/1.1" 200 -
2024-06-08 21:21:30,342 - werkzeug - INFO - 172.18.0.1 - - [08/Jun/2024 21:21:30] "[32mPOST /upload HTTP/1.1[0m" 308 -
2024-06-08 21:21:30,361 - werkzeug - INFO - 172.18.0.1 - - [08/Jun/2024 21:21:30] "[35m[1mPOST /upload/ HTTP/1.1[0m" 500 -
2024-06-08 21:24:25,129 - werkzeug - INFO -  * Detected change in '/app/app.py', reloading
2024-06-08 21:24:25,171 - werkzeug - INFO -  * Restarting with stat
2024-06-08 21:24:25,478 - werkzeug - WARNING -  * Debugger is active!
2024-06-08 21:24:25,479 - werkzeug - INFO -  * Debugger PIN: 561-016-852
2024-06-08 21:24:30,491 - werkzeug - INFO -  * Detected change in '/app/db.py', reloading
2024-06-08 21:24:30,527 - werkzeug - INFO -  * Restarting with stat
2024-06-08 21:24:30,779 - werkzeug - WARNING -  * Debugger is active!
2024-06-08 21:24:30,779 - werkzeug - INFO -  * Debugger PIN: 561-016-852
2024-06-08 21:24:32,786 - werkzeug - INFO -  * Detected change in '/app/db.py', reloading
2024-06-08 21:24:32,830 - werkzeug - INFO -  * Restarting with stat
2024-06-08 21:24:33,139 - werkzeug - WARNING -  * Debugger is active!
2024-06-08 21:24:33,139 - werkzeug - INFO -  * Debugger PIN: 561-016-852
2024-06-08 21:24:49,165 - werkzeug - INFO -  * Detected change in '/app/config.py', reloading
2024-06-08 21:24:49,209 - werkzeug - INFO -  * Restarting with stat
2024-06-08 21:24:49,462 - werkzeug - WARNING -  * Debugger is active!
2024-06-08 21:24:49,463 - werkzeug - INFO -  * Debugger PIN: 187-117-398
2024-06-08 21:24:53,727 - werkzeug - INFO - 172.18.0.1 - - [08/Jun/2024 21:24:53] "[35m[1mPOST /upload HTTP/1.1[0m" 500 -
2024-06-08 21:24:59,480 - werkzeug - INFO -  * Detected change in '/app/config.py', reloading
2024-06-08 21:24:59,511 - werkzeug - INFO -  * Restarting with stat
2024-06-08 21:24:59,783 - werkzeug - WARNING -  * Debugger is active!
2024-06-08 21:24:59,783 - werkzeug - INFO -  * Debugger PIN: 561-016-852
2024-06-08 21:25:01,889 - werkzeug - INFO - 172.18.0.1 - - [08/Jun/2024 21:25:01] "[32mPOST /upload HTTP/1.1[0m" 308 -
2024-06-08 21:25:01,912 - components.upload - INFO - File test.pdf uploaded
2024-06-08 21:25:01,913 - werkzeug - INFO - 172.18.0.1 - - [08/Jun/2024 21:25:01] "POST /upload/ HTTP/1.1" 200 -
2024-06-08 21:30:16,236 - werkzeug - INFO -  * Detected change in '/app/components/pdf_toolset.py', reloading
2024-06-08 21:30:16,272 - werkzeug - INFO -  * Restarting with stat
2024-06-08 21:30:16,476 - werkzeug - WARNING -  * Debugger is active!
2024-06-08 21:30:16,476 - werkzeug - INFO -  * Debugger PIN: 561-016-852
2024-06-08 21:30:22,488 - werkzeug - INFO -  * Detected change in '/app/components/pdf_toolset.py', reloading
2024-06-08 21:30:22,523 - werkzeug - INFO -  * Restarting with stat
2024-06-08 21:30:22,720 - werkzeug - WARNING -  * Debugger is active!
2024-06-08 21:30:22,720 - werkzeug - INFO -  * Debugger PIN: 561-016-852
2024-06-08 21:30:31,736 - werkzeug - INFO -  * Detected change in '/app/components/pdf_toolset.py', reloading
2024-06-08 21:30:31,766 - werkzeug - INFO -  * Restarting with stat
2024-06-08 21:30:31,958 - werkzeug - WARNING -  * Debugger is active!
2024-06-08 21:30:31,958 - werkzeug - INFO -  * Debugger PIN: 561-016-852
2024-06-08 21:30:33,964 - werkzeug - INFO -  * Detected change in '/app/components/pdf_toolset.py', reloading
2024-06-08 21:30:33,995 - werkzeug - INFO -  * Restarting with stat
2024-06-08 21:30:34,187 - werkzeug - WARNING -  * Debugger is active!
2024-06-08 21:30:34,187 - werkzeug - INFO -  * Debugger PIN: 561-016-852
2024-06-08 21:31:24,266 - werkzeug - INFO -  * Detected change in '/app/components/pdf_toolset.py', reloading
2024-06-08 21:31:24,298 - werkzeug - INFO -  * Restarting with stat
2024-06-08 21:31:24,495 - werkzeug - WARNING -  * Debugger is active!
2024-06-08 21:31:24,496 - werkzeug - INFO -  * Debugger PIN: 561-016-852
2024-06-08 21:31:26,501 - werkzeug - INFO -  * Detected change in '/app/components/pdf_toolset.py', reloading
2024-06-08 21:31:26,536 - werkzeug - INFO -  * Restarting with stat
2024-06-08 21:31:26,748 - werkzeug - WARNING -  * Debugger is active!
2024-06-08 21:31:26,748 - werkzeug - INFO -  * Debugger PIN: 561-016-852
2024-06-08 21:35:46,159 - werkzeug - INFO -  * Detected change in '/app/components/pdf_toolset.py', reloading
2024-06-08 21:35:46,189 - werkzeug - INFO -  * Restarting with stat
2024-06-08 21:35:46,392 - werkzeug - WARNING -  * Debugger is active!
2024-06-08 21:35:46,392 - werkzeug - INFO -  * Debugger PIN: 561-016-852
2024-06-08 21:36:12,434 - werkzeug - INFO -  * Detected change in '/app/components/pdf_toolset.py', reloading
2024-06-08 21:36:12,466 - werkzeug - INFO -  * Restarting with stat
2024-06-08 21:36:12,668 - werkzeug - WARNING -  * Debugger is active!
2024-06-08 21:36:12,668 - werkzeug - INFO -  * Debugger PIN: 561-016-852
2024-06-08 21:36:42,708 - werkzeug - INFO -  * Detected change in '/app/components/pdf_toolset.py', reloading
2024-06-08 21:36:42,739 - werkzeug - INFO -  * Restarting with stat
2024-06-08 21:36:42,942 - werkzeug - WARNING -  * Debugger is active!
2024-06-08 21:36:42,943 - werkzeug - INFO -  * Debugger PIN: 561-016-852
2024-06-08 21:36:45,950 - werkzeug - INFO -  * Detected change in '/app/components/pdf_toolset.py', reloading
2024-06-08 21:36:45,981 - werkzeug - INFO -  * Restarting with stat
2024-06-08 21:36:46,179 - werkzeug - WARNING -  * Debugger is active!
2024-06-08 21:36:46,179 - werkzeug - INFO -  * Debugger PIN: 561-016-852
2024-06-08 21:37:00,204 - werkzeug - INFO -  * Detected change in '/app/components/pdf_toolset.py', reloading
2024-06-08 21:37:00,235 - werkzeug - INFO -  * Restarting with stat
2024-06-08 21:37:00,437 - werkzeug - WARNING -  * Debugger is active!
2024-06-08 21:37:00,437 - werkzeug - INFO -  * Debugger PIN: 561-016-852
2024-06-08 21:37:04,447 - werkzeug - INFO -  * Detected change in '/app/components/pdf_toolset.py', reloading
2024-06-08 21:37:04,479 - werkzeug - INFO -  * Restarting with stat
2024-06-08 21:37:04,668 - werkzeug - WARNING -  * Debugger is active!
2024-06-08 21:37:04,669 - werkzeug - INFO -  * Debugger PIN: 561-016-852
2024-06-08 21:37:05,672 - werkzeug - INFO -  * Detected change in '/app/components/pdf_toolset.py', reloading
2024-06-08 21:37:05,707 - werkzeug - INFO -  * Restarting with stat
2024-06-08 21:37:05,901 - werkzeug - WARNING -  * Debugger is active!
2024-06-08 21:37:05,901 - werkzeug - INFO -  * Debugger PIN: 561-016-852
2024-06-08 21:38:17,009 - werkzeug - INFO -  * Detected change in '/app/components/pdf_toolset.py', reloading
2024-06-08 21:38:17,039 - werkzeug - INFO -  * Restarting with stat
2024-06-08 21:38:17,245 - werkzeug - WARNING -  * Debugger is active!
2024-06-08 21:38:17,245 - werkzeug - INFO -  * Debugger PIN: 561-016-852
2024-06-08 21:38:25,260 - werkzeug - INFO -  * Detected change in '/app/components/pdf_toolset.py', reloading
2024-06-08 21:38:25,291 - werkzeug - INFO -  * Restarting with stat
2024-06-08 21:38:25,489 - werkzeug - WARNING -  * Debugger is active!
2024-06-08 21:38:25,489 - werkzeug - INFO -  * Debugger PIN: 561-016-852
2024-06-08 21:39:39,781 - werkzeug - INFO - 172.18.0.1 - - [08/Jun/2024 21:39:39] "[33mGET /pdf-text?pdf_file=test.pdf HTTP/1.1[0m" 404 -
2024-06-08 21:39:59,630 - werkzeug - INFO -  * Detected change in '/app/components/pdf_toolset.py', reloading
2024-06-08 21:39:59,660 - werkzeug - INFO -  * Restarting with stat
2024-06-08 21:39:59,864 - werkzeug - WARNING -  * Debugger is active!
2024-06-08 21:39:59,865 - werkzeug - INFO -  * Debugger PIN: 561-016-852
2024-06-08 21:40:12,886 - werkzeug - INFO -  * Detected change in '/app/db.py', reloading
2024-06-08 21:40:12,916 - werkzeug - INFO -  * Restarting with stat
2024-06-08 21:40:41,198 - werkzeug - INFO -  * Restarting with stat
2024-06-08 21:40:41,429 - werkzeug - WARNING -  * Debugger is active!
2024-06-08 21:40:41,429 - werkzeug - INFO -  * Debugger PIN: 561-016-852
2024-06-08 21:40:42,243 - werkzeug - INFO - 172.18.0.1 - - [08/Jun/2024 21:40:42] "[32mGET /pdf-text?pdf_file=test.pdf HTTP/1.1[0m" 308 -
2024-06-08 21:40:42,249 - werkzeug - INFO - 172.18.0.1 - - [08/Jun/2024 21:40:42] "[35m[1mGET /pdf-text/?pdf_file=test.pdf HTTP/1.1[0m" 500 -
2024-06-08 21:40:51,446 - werkzeug - INFO -  * Detected change in '/app/components/pdf_toolset.py', reloading
2024-06-08 21:40:51,479 - werkzeug - INFO -  * Restarting with stat
2024-06-08 21:40:51,694 - werkzeug - WARNING -  * Debugger is active!
2024-06-08 21:40:51,694 - werkzeug - INFO -  * Debugger PIN: 561-016-852
2024-06-08 21:40:55,704 - werkzeug - INFO -  * Detected change in '/app/components/pdf_toolset.py', reloading
2024-06-08 21:40:55,742 - werkzeug - INFO -  * Restarting with stat
2024-06-08 21:40:55,965 - werkzeug - WARNING -  * Debugger is active!
2024-06-08 21:40:55,965 - werkzeug - INFO -  * Debugger PIN: 561-016-852
2024-06-08 21:40:57,450 - werkzeug - INFO - 172.18.0.1 - - [08/Jun/2024 21:40:57] "[32mGET /pdf-text?pdf_file=test.pdf HTTP/1.1[0m" 308 -
2024-06-08 21:40:57,465 - werkzeug - INFO - 172.18.0.1 - - [08/Jun/2024 21:40:57] "[35m[1mGET /pdf-text/?pdf_file=test.pdf HTTP/1.1[0m" 500 -
2024-06-08 21:41:37,032 - werkzeug - INFO -  * Detected change in '/app/components/pdf_toolset.py', reloading
2024-06-08 21:41:37,065 - werkzeug - INFO -  * Restarting with stat
2024-06-08 21:41:37,281 - werkzeug - WARNING -  * Debugger is active!
2024-06-08 21:41:37,281 - werkzeug - INFO -  * Debugger PIN: 561-016-852
2024-06-08 21:41:38,092 - werkzeug - INFO - 172.18.0.1 - - [08/Jun/2024 21:41:38] "[32mGET /pdf-text?pdf_file=test.pdf HTTP/1.1[0m" 308 -
2024-06-08 21:41:38,128 - werkzeug - INFO - 172.18.0.1 - - [08/Jun/2024 21:41:38] "GET /pdf-text/?pdf_file=test.pdf HTTP/1.1" 200 -
2024-06-08 21:41:41,090 - werkzeug - INFO - 172.18.0.1 - - [08/Jun/2024 21:41:41] "[32mGET /pdf-text?pdf_file=test.pdf HTTP/1.1[0m" 308 -
2024-06-08 21:41:41,134 - werkzeug - INFO - 172.18.0.1 - - [08/Jun/2024 21:41:41] "GET /pdf-text/?pdf_file=test.pdf HTTP/1.1" 200 -
2024-06-09 01:26:40,053 - werkzeug - INFO -  * Detected change in '/app/components/pdf_toolset.py', reloading
2024-06-09 01:26:40,092 - werkzeug - INFO -  * Restarting with stat
2024-06-09 01:26:40,312 - werkzeug - WARNING -  * Debugger is active!
2024-06-09 01:26:40,312 - werkzeug - INFO -  * Debugger PIN: 561-016-852
2024-06-09 01:27:02,348 - werkzeug - INFO -  * Detected change in '/app/components/pdf_toolset.py', reloading
2024-06-09 01:27:02,383 - werkzeug - INFO -  * Restarting with stat
2024-06-09 01:27:02,602 - werkzeug - WARNING -  * Debugger is active!
2024-06-09 01:27:02,602 - werkzeug - INFO -  * Debugger PIN: 561-016-852
2024-06-09 01:28:15,713 - werkzeug - INFO -  * Detected change in '/app/components/pdf_toolset.py', reloading
2024-06-09 01:28:15,746 - werkzeug - INFO -  * Restarting with stat
2024-06-09 01:28:15,957 - werkzeug - WARNING -  * Debugger is active!
2024-06-09 01:28:15,958 - werkzeug - INFO -  * Debugger PIN: 561-016-852
2024-06-09 01:28:20,968 - werkzeug - INFO -  * Detected change in '/app/components/pdf_toolset.py', reloading
2024-06-09 01:28:21,003 - werkzeug - INFO -  * Restarting with stat
2024-06-09 01:28:21,213 - werkzeug - WARNING -  * Debugger is active!
2024-06-09 01:28:21,213 - werkzeug - INFO -  * Debugger PIN: 561-016-852
2024-06-09 01:32:40,599 - werkzeug - INFO -  * Detected change in '/app/components/pdf_toolset.py', reloading
2024-06-09 01:32:40,636 - werkzeug - INFO -  * Restarting with stat
2024-06-09 01:32:40,856 - werkzeug - WARNING -  * Debugger is active!
2024-06-09 01:32:40,856 - werkzeug - INFO -  * Debugger PIN: 561-016-852
2024-06-09 01:37:07,206 - werkzeug - INFO - [31m[1mWARNING: This is a development server. Do not use it in a production deployment. Use a production WSGI server instead.[0m
 * Running on all addresses (0.0.0.0)
 * Running on http://127.0.0.1:80
 * Running on http://172.18.0.3:80
2024-06-09 01:37:07,206 - werkzeug - INFO - [33mPress CTRL+C to quit[0m
2024-06-09 01:37:07,207 - werkzeug - INFO -  * Restarting with stat
2024-06-09 01:37:07,566 - werkzeug - WARNING -  * Debugger is active!
2024-06-09 01:37:07,567 - werkzeug - INFO -  * Debugger PIN: 561-016-852
2024-06-09 01:39:48,795 - werkzeug - INFO -  * Detected change in '/app/components/pdf_toolset.py', reloading
2024-06-09 01:39:48,836 - werkzeug - INFO -  * Restarting with stat
2024-06-09 01:40:03,149 - werkzeug - INFO -  * Restarting with stat
2024-06-09 01:40:11,469 - werkzeug - INFO -  * Restarting with stat
2024-06-09 01:41:48,897 - werkzeug - INFO -  * Restarting with stat
2024-06-09 01:41:49,366 - werkzeug - WARNING -  * Debugger is active!
2024-06-09 01:41:49,367 - werkzeug - INFO -  * Debugger PIN: 561-016-852
2024-06-09 01:45:28,711 - werkzeug - INFO -  * Detected change in '/app/components/pdf_toolset.py', reloading
2024-06-09 01:45:28,768 - werkzeug - INFO -  * Restarting with stat
2024-06-09 01:45:29,199 - werkzeug - WARNING -  * Debugger is active!
2024-06-09 01:45:29,199 - werkzeug - INFO -  * Debugger PIN: 561-016-852
2024-06-09 01:54:54,102 - werkzeug - INFO -  * Detected change in '/app/components/pdf_toolset.py', reloading
2024-06-09 01:54:54,147 - werkzeug - INFO -  * Restarting with stat
2024-06-09 01:54:54,378 - werkzeug - WARNING -  * Debugger is active!
2024-06-09 01:54:54,378 - werkzeug - INFO -  * Debugger PIN: 561-016-852
2024-06-09 01:55:06,428 - werkzeug - INFO - [31m[1mWARNING: This is a development server. Do not use it in a production deployment. Use a production WSGI server instead.[0m
 * Running on all addresses (0.0.0.0)
 * Running on http://127.0.0.1:80
 * Running on http://172.18.0.3:80
2024-06-09 01:55:06,428 - werkzeug - INFO - [33mPress CTRL+C to quit[0m
2024-06-09 01:55:06,428 - werkzeug - INFO -  * Restarting with stat
2024-06-09 01:55:06,656 - werkzeug - WARNING -  * Debugger is active!
2024-06-09 01:55:06,656 - werkzeug - INFO -  * Debugger PIN: 561-016-852
2024-06-09 01:55:18,933 - werkzeug - INFO - 172.18.0.1 - - [09/Jun/2024 01:55:18] "[32mGET /pdf-text?pdf_file=test.pdf HTTP/1.1[0m" 308 -
2024-06-09 01:55:18,942 - werkzeug - INFO - 172.18.0.1 - - [09/Jun/2024 01:55:18] "[35m[1mGET /pdf-text/?pdf_file=test.pdf HTTP/1.1[0m" 500 -
2024-06-09 01:55:43,718 - werkzeug - INFO -  * Detected change in '/app/components/pdf_toolset.py', reloading
2024-06-09 01:55:43,757 - werkzeug - INFO -  * Restarting with stat
2024-06-09 01:55:44,194 - werkzeug - WARNING -  * Debugger is active!
2024-06-09 01:55:44,195 - werkzeug - INFO -  * Debugger PIN: 561-016-852
2024-06-09 01:55:47,090 - werkzeug - INFO - 172.18.0.1 - - [09/Jun/2024 01:55:47] "[32mGET /pdf-text?pdf_file=test.pdf HTTP/1.1[0m" 308 -
2024-06-09 01:55:47,095 - components.pdf_toolset - INFO - type of pdf_file: <class 'str'>
2024-06-09 01:55:47,095 - components.pdf_toolset - INFO - type of page: <class 'str'>
2024-06-09 01:55:47,131 - werkzeug - INFO - 172.18.0.1 - - [09/Jun/2024 01:55:47] "[35m[1mGET /pdf-text/?pdf_file=test.pdf HTTP/1.1[0m" 500 -
2024-06-09 02:00:07,555 - werkzeug - INFO -  * Detected change in '/app/components/pdf_toolset.py', reloading
2024-06-09 02:00:07,609 - werkzeug - INFO -  * Restarting with stat
2024-06-09 02:00:07,890 - werkzeug - WARNING -  * Debugger is active!
2024-06-09 02:00:07,891 - werkzeug - INFO -  * Debugger PIN: 561-016-852
2024-06-09 02:00:33,932 - werkzeug - INFO -  * Detected change in '/app/components/pdf_toolset.py', reloading
2024-06-09 02:00:33,972 - werkzeug - INFO -  * Restarting with stat
2024-06-09 02:00:34,247 - werkzeug - WARNING -  * Debugger is active!
2024-06-09 02:00:34,247 - werkzeug - INFO -  * Debugger PIN: 561-016-852
2024-06-09 02:00:42,261 - werkzeug - INFO -  * Detected change in '/app/components/pdf_toolset.py', reloading
2024-06-09 02:00:42,302 - werkzeug - INFO -  * Restarting with stat
2024-06-09 02:00:42,575 - werkzeug - WARNING -  * Debugger is active!
2024-06-09 02:00:42,576 - werkzeug - INFO -  * Debugger PIN: 561-016-852
2024-06-09 02:00:45,695 - werkzeug - INFO - 172.18.0.1 - - [09/Jun/2024 02:00:45] "[32mGET /pdf-text?pdf_file=test.pdf HTTP/1.1[0m" 308 -
2024-06-09 02:00:45,704 - werkzeug - INFO - 172.18.0.1 - - [09/Jun/2024 02:00:45] "[35m[1mGET /pdf-text/?pdf_file=test.pdf HTTP/1.1[0m" 500 -
2024-06-09 02:00:59,616 - werkzeug - INFO -  * Detected change in '/app/components/pdf_toolset.py', reloading
2024-06-09 02:00:59,654 - werkzeug - INFO -  * Restarting with stat
2024-06-09 02:00:59,932 - werkzeug - WARNING -  * Debugger is active!
2024-06-09 02:00:59,932 - werkzeug - INFO -  * Debugger PIN: 561-016-852
2024-06-09 02:01:01,468 - werkzeug - INFO - 172.18.0.1 - - [09/Jun/2024 02:01:01] "[32mGET /pdf-text?pdf_file=test.pdf HTTP/1.1[0m" 308 -
2024-06-09 02:01:01,477 - werkzeug - INFO - 172.18.0.1 - - [09/Jun/2024 02:01:01] "[35m[1mGET /pdf-text/?pdf_file=test.pdf HTTP/1.1[0m" 500 -
2024-06-09 02:01:10,954 - werkzeug - INFO -  * Detected change in '/app/components/pdf_toolset.py', reloading
2024-06-09 02:01:10,990 - werkzeug - INFO -  * Restarting with stat
2024-06-09 02:01:11,259 - werkzeug - WARNING -  * Debugger is active!
2024-06-09 02:01:11,259 - werkzeug - INFO -  * Debugger PIN: 561-016-852
2024-06-09 02:01:14,065 - werkzeug - INFO - 172.18.0.1 - - [09/Jun/2024 02:01:14] "[32mGET /pdf-text?pdf_file=test.pdf HTTP/1.1[0m" 308 -
2024-06-09 02:01:14,070 - werkzeug - INFO - 172.18.0.1 - - [09/Jun/2024 02:01:14] "[31m[1mGET /pdf-text/?pdf_file=test.pdf HTTP/1.1[0m" 400 -
2024-06-09 02:02:01,335 - werkzeug - INFO -  * Detected change in '/app/components/pdf_toolset.py', reloading
2024-06-09 02:02:01,372 - werkzeug - INFO -  * Restarting with stat
2024-06-09 02:02:15,595 - werkzeug - INFO -  * Restarting with stat
2024-06-09 02:02:15,819 - werkzeug - WARNING -  * Debugger is active!
2024-06-09 02:02:15,820 - werkzeug - INFO -  * Debugger PIN: 561-016-852
2024-06-09 02:02:18,203 - werkzeug - INFO - 172.18.0.1 - - [09/Jun/2024 02:02:18] "[32mGET /pdf-text?pdf_file=test.pdf HTTP/1.1[0m" 308 -
2024-06-09 02:02:18,211 - werkzeug - INFO - 172.18.0.1 - - [09/Jun/2024 02:02:18] "[35m[1mGET /pdf-text/?pdf_file=test.pdf HTTP/1.1[0m" 500 -
2024-06-09 02:02:28,842 - werkzeug - INFO -  * Detected change in '/app/components/pdf_toolset.py', reloading
2024-06-09 02:02:28,878 - werkzeug - INFO -  * Restarting with stat
2024-06-09 02:02:29,107 - werkzeug - WARNING -  * Debugger is active!
2024-06-09 02:02:29,107 - werkzeug - INFO -  * Debugger PIN: 561-016-852
2024-06-09 02:03:14,208 - werkzeug - INFO -  * Detected change in '/app/components/pdf_toolset.py', reloading
2024-06-09 02:03:14,337 - werkzeug - INFO -  * Restarting with stat
2024-06-09 02:03:14,918 - werkzeug - WARNING -  * Debugger is active!
2024-06-09 02:03:14,919 - werkzeug - INFO -  * Debugger PIN: 561-016-852
2024-06-09 02:49:12,595 - werkzeug - INFO -  * Detected change in '/app/components/pdf_toolset.py', reloading
2024-06-09 02:49:12,626 - werkzeug - INFO -  * Restarting with stat
2024-06-09 02:49:12,835 - werkzeug - WARNING -  * Debugger is active!
2024-06-09 02:49:12,835 - werkzeug - INFO -  * Debugger PIN: 561-016-852
2024-06-09 02:49:21,548 - werkzeug - INFO - 172.18.0.1 - - [09/Jun/2024 02:49:21] "[32mGET /pdf-text?pdf_file=test.pdf HTTP/1.1[0m" 308 -
2024-06-09 02:49:21,552 - werkzeug - INFO - 172.18.0.1 - - [09/Jun/2024 02:49:21] "[31m[1mGET /pdf-text/?pdf_file=test.pdf HTTP/1.1[0m" 400 -
2024-06-09 02:50:10,935 - werkzeug - INFO -  * Detected change in '/app/components/pdf_toolset.py', reloading
2024-06-09 02:50:10,966 - werkzeug - INFO -  * Restarting with stat
2024-06-09 02:50:11,184 - werkzeug - WARNING -  * Debugger is active!
2024-06-09 02:50:11,184 - werkzeug - INFO -  * Debugger PIN: 561-016-852
2024-06-09 02:50:12,698 - werkzeug - INFO - 172.18.0.1 - - [09/Jun/2024 02:50:12] "[32mGET /pdf-text?pdf_file=test.pdf HTTP/1.1[0m" 308 -
2024-06-09 02:50:12,705 - werkzeug - INFO - 172.18.0.1 - - [09/Jun/2024 02:50:12] "[35m[1mGET /pdf-text/?pdf_file=test.pdf HTTP/1.1[0m" 500 -
2024-06-09 02:52:19,838 - werkzeug - INFO - 172.18.0.1 - - [09/Jun/2024 02:52:19] "[32mGET /pdf-text?pdf_file=test.pdf HTTP/1.1[0m" 308 -
2024-06-09 02:52:19,845 - werkzeug - INFO - 172.18.0.1 - - [09/Jun/2024 02:52:19] "[35m[1mGET /pdf-text/?pdf_file=test.pdf HTTP/1.1[0m" 500 -
2024-06-09 03:07:51,895 - werkzeug - INFO - 172.18.0.1 - - [09/Jun/2024 03:07:51] "[32mGET /pdf-text?pdf_file=test.pdf HTTP/1.1[0m" 308 -
2024-06-09 03:07:51,901 - werkzeug - INFO - 172.18.0.1 - - [09/Jun/2024 03:07:51] "[35m[1mGET /pdf-text/?pdf_file=test.pdf HTTP/1.1[0m" 500 -
2024-06-09 03:08:13,020 - werkzeug - INFO -  * Detected change in '/app/components/pdf_toolset.py', reloading
2024-06-09 03:08:13,054 - werkzeug - INFO -  * Restarting with stat
2024-06-09 03:08:13,270 - werkzeug - WARNING -  * Debugger is active!
2024-06-09 03:08:13,270 - werkzeug - INFO -  * Debugger PIN: 561-016-852
2024-06-09 03:08:24,595 - werkzeug - INFO - 172.18.0.1 - - [09/Jun/2024 03:08:24] "[32mGET /pdf-text?pdf_file=test.pdf HTTP/1.1[0m" 308 -
2024-06-09 03:08:24,601 - werkzeug - INFO - 172.18.0.1 - - [09/Jun/2024 03:08:24] "[35m[1mGET /pdf-text/?pdf_file=test.pdf HTTP/1.1[0m" 500 -
2024-06-09 03:08:36,312 - werkzeug - INFO -  * Detected change in '/app/components/pdf_toolset.py', reloading
2024-06-09 03:08:36,352 - werkzeug - INFO -  * Restarting with stat
2024-06-09 03:08:36,572 - werkzeug - WARNING -  * Debugger is active!
2024-06-09 03:08:36,572 - werkzeug - INFO -  * Debugger PIN: 561-016-852
2024-06-09 03:08:50,595 - werkzeug - INFO -  * Detected change in '/app/components/pdf_toolset.py', reloading
2024-06-09 03:08:50,628 - werkzeug - INFO -  * Restarting with stat
2024-06-09 03:08:50,854 - werkzeug - WARNING -  * Debugger is active!
2024-06-09 03:08:50,854 - werkzeug - INFO -  * Debugger PIN: 561-016-852
2024-06-09 03:08:51,984 - werkzeug - INFO - 172.18.0.1 - - [09/Jun/2024 03:08:51] "[32mGET /pdf-text?pdf_file=test.pdf HTTP/1.1[0m" 308 -
2024-06-09 03:08:51,988 - werkzeug - INFO - 172.18.0.1 - - [09/Jun/2024 03:08:51] "[31m[1mGET /pdf-text/?pdf_file=test.pdf HTTP/1.1[0m" 400 -
2024-06-09 03:09:02,137 - werkzeug - INFO - 172.18.0.1 - - [09/Jun/2024 03:09:02] "[32mGET /pdf-text?pdf_file=test.pdf&page=2 HTTP/1.1[0m" 308 -
2024-06-09 03:09:02,143 - werkzeug - INFO - 172.18.0.1 - - [09/Jun/2024 03:09:02] "[31m[1mGET /pdf-text/?pdf_file=test.pdf&page=2 HTTP/1.1[0m" 400 -
2024-06-09 03:09:13,899 - werkzeug - INFO -  * Detected change in '/app/components/pdf_toolset.py', reloading
2024-06-09 03:09:13,934 - werkzeug - INFO -  * Restarting with stat
2024-06-09 03:09:14,149 - werkzeug - WARNING -  * Debugger is active!
2024-06-09 03:09:14,149 - werkzeug - INFO -  * Debugger PIN: 561-016-852
2024-06-09 03:09:29,177 - werkzeug - INFO -  * Detected change in '/app/components/pdf_toolset.py', reloading
2024-06-09 03:09:29,212 - werkzeug - INFO -  * Restarting with stat
2024-06-09 03:09:29,438 - werkzeug - WARNING -  * Debugger is active!
2024-06-09 03:09:29,438 - werkzeug - INFO -  * Debugger PIN: 561-016-852
2024-06-09 03:09:35,450 - werkzeug - INFO -  * Detected change in '/app/components/pdf_toolset.py', reloading
2024-06-09 03:09:35,484 - werkzeug - INFO -  * Restarting with stat
2024-06-09 03:09:35,718 - werkzeug - WARNING -  * Debugger is active!
2024-06-09 03:09:35,718 - werkzeug - INFO -  * Debugger PIN: 561-016-852
2024-06-09 03:09:41,635 - werkzeug - INFO - 172.18.0.1 - - [09/Jun/2024 03:09:41] "[32mGET /pdf-text?pdf_file=test.pdf&page=2 HTTP/1.1[0m" 308 -
2024-06-09 03:09:41,640 - root - INFO - Extracting text from page test.pdf of test.pdf, with list of params
2024-06-09 03:09:41,640 - werkzeug - INFO - 172.18.0.1 - - [09/Jun/2024 03:09:41] "[31m[1mGET /pdf-text/?pdf_file=test.pdf&page=2 HTTP/1.1[0m" 400 -
2024-06-09 03:09:56,757 - werkzeug - INFO -  * Detected change in '/app/components/pdf_toolset.py', reloading
2024-06-09 03:09:56,790 - werkzeug - INFO -  * Restarting with stat
2024-06-09 03:09:57,011 - werkzeug - WARNING -  * Debugger is active!
2024-06-09 03:09:57,011 - werkzeug - INFO -  * Debugger PIN: 561-016-852
2024-06-09 03:10:01,020 - werkzeug - INFO -  * Detected change in '/app/components/pdf_toolset.py', reloading
2024-06-09 03:10:01,064 - werkzeug - INFO -  * Restarting with stat
2024-06-09 03:10:01,301 - werkzeug - WARNING -  * Debugger is active!
2024-06-09 03:10:01,301 - werkzeug - INFO -  * Debugger PIN: 561-016-852
2024-06-09 03:10:04,846 - werkzeug - INFO - 172.18.0.1 - - [09/Jun/2024 03:10:04] "[32mGET /pdf-text?pdf_file=test.pdf&page=2 HTTP/1.1[0m" 308 -
2024-06-09 03:10:04,852 - root - INFO - Extracting text from page 2 of test.pdf
2024-06-09 03:10:04,891 - werkzeug - INFO - 172.18.0.1 - - [09/Jun/2024 03:10:04] "[35m[1mGET /pdf-text/?pdf_file=test.pdf&page=2 HTTP/1.1[0m" 500 -
2024-06-09 03:10:58,402 - werkzeug - INFO -  * Detected change in '/app/components/pdf_toolset.py', reloading
2024-06-09 03:10:58,437 - werkzeug - INFO -  * Restarting with stat
2024-06-09 03:11:41,727 - werkzeug - INFO -  * Restarting with stat
2024-06-09 03:11:41,954 - werkzeug - WARNING -  * Debugger is active!
2024-06-09 03:11:41,954 - werkzeug - INFO -  * Debugger PIN: 561-016-852
2024-06-09 03:14:03,178 - werkzeug - INFO -  * Detected change in '/app/components/pdf_toolset.py', reloading
2024-06-09 03:14:03,211 - werkzeug - INFO -  * Restarting with stat
2024-06-09 03:14:03,456 - werkzeug - WARNING -  * Debugger is active!
2024-06-09 03:14:03,456 - werkzeug - INFO -  * Debugger PIN: 561-016-852
2024-06-09 03:14:08,471 - werkzeug - INFO -  * Detected change in '/app/components/pdf_toolset.py', reloading
2024-06-09 03:14:08,505 - werkzeug - INFO -  * Restarting with stat
2024-06-09 03:14:08,721 - werkzeug - WARNING -  * Debugger is active!
2024-06-09 03:14:08,721 - werkzeug - INFO -  * Debugger PIN: 561-016-852
2024-06-09 03:14:16,738 - werkzeug - INFO -  * Detected change in '/app/components/pdf_toolset.py', reloading
2024-06-09 03:14:16,783 - werkzeug - INFO -  * Restarting with stat
2024-06-09 03:14:17,049 - werkzeug - WARNING -  * Debugger is active!
2024-06-09 03:14:17,050 - werkzeug - INFO -  * Debugger PIN: 561-016-852
2024-06-09 03:14:20,898 - werkzeug - INFO - 172.18.0.1 - - [09/Jun/2024 03:14:20] "[32mGET /pdf-text?pdf_file=test.pdf&page=2 HTTP/1.1[0m" 308 -
2024-06-09 03:14:20,903 - root - INFO - Extracting text from page 2 of test.pdf
2024-06-09 03:14:20,943 - werkzeug - INFO - 172.18.0.1 - - [09/Jun/2024 03:14:20] "GET /pdf-text/?pdf_file=test.pdf&page=2 HTTP/1.1" 200 -
2024-06-09 03:15:06,496 - werkzeug - INFO - 172.18.0.1 - - [09/Jun/2024 03:15:06] "[32mGET /pdf-text?pdf_file=test.pdf&page=3 HTTP/1.1[0m" 308 -
2024-06-09 03:15:06,500 - root - INFO - Extracting text from page 3 of test.pdf
2024-06-09 03:15:06,537 - werkzeug - INFO - 172.18.0.1 - - [09/Jun/2024 03:15:06] "GET /pdf-text/?pdf_file=test.pdf&page=3 HTTP/1.1" 200 -
2024-06-09 03:15:20,851 - werkzeug - INFO - 172.18.0.1 - - [09/Jun/2024 03:15:20] "[32mGET /pdf-text?pdf_file=test.pdf&page=4 HTTP/1.1[0m" 308 -
2024-06-09 03:15:20,856 - root - INFO - Extracting text from page 4 of test.pdf
2024-06-09 03:15:20,907 - werkzeug - INFO - 172.18.0.1 - - [09/Jun/2024 03:15:20] "GET /pdf-text/?pdf_file=test.pdf&page=4 HTTP/1.1" 200 -
2024-06-09 03:15:29,986 - werkzeug - INFO - 172.18.0.1 - - [09/Jun/2024 03:15:29] "[32mGET /pdf-text?pdf_file=test.pdf&page=40 HTTP/1.1[0m" 308 -
2024-06-09 03:15:29,990 - root - INFO - Extracting text from page 40 of test.pdf
2024-06-09 03:15:30,020 - werkzeug - INFO - 172.18.0.1 - - [09/Jun/2024 03:15:30] "GET /pdf-text/?pdf_file=test.pdf&page=40 HTTP/1.1" 200 -
2024-06-09 03:23:39,972 - werkzeug - INFO - [31m[1mWARNING: This is a development server. Do not use it in a production deployment. Use a production WSGI server instead.[0m
 * Running on all addresses (0.0.0.0)
 * Running on http://127.0.0.1:80
 * Running on http://172.18.0.3:80
2024-06-09 03:23:39,972 - werkzeug - INFO - [33mPress CTRL+C to quit[0m
2024-06-09 03:23:39,972 - werkzeug - INFO -  * Restarting with stat
2024-06-09 03:23:40,232 - werkzeug - WARNING -  * Debugger is active!
2024-06-09 03:23:40,232 - werkzeug - INFO -  * Debugger PIN: 561-016-852
2024-06-09 03:24:21,305 - werkzeug - INFO -  * Detected change in '/app/tests/test_pdf_toolset.py', reloading
2024-06-09 03:24:21,397 - werkzeug - INFO -  * Restarting with stat
2024-06-09 03:24:21,687 - werkzeug - WARNING -  * Debugger is active!
2024-06-09 03:24:21,688 - werkzeug - INFO -  * Debugger PIN: 561-016-852
2024-06-09 03:24:31,715 - werkzeug - INFO -  * Detected change in '/app/tests/test_pdf_toolset.py', reloading
2024-06-09 03:24:31,749 - werkzeug - INFO -  * Restarting with stat
2024-06-09 03:24:31,963 - werkzeug - WARNING -  * Debugger is active!
2024-06-09 03:24:31,963 - werkzeug - INFO -  * Debugger PIN: 561-016-852
2024-06-09 03:26:26,159 - werkzeug - INFO -  * Detected change in '/app/tests/test_pdf_toolset.py', reloading
2024-06-09 03:26:26,192 - werkzeug - INFO -  * Restarting with stat
2024-06-09 03:26:26,397 - werkzeug - WARNING -  * Debugger is active!
2024-06-09 03:26:26,398 - werkzeug - INFO -  * Debugger PIN: 561-016-852
2024-06-09 03:26:50,429 - werkzeug - INFO -  * Detected change in '/app/tests/test_pdf_toolset.py', reloading
2024-06-09 03:26:50,462 - werkzeug - INFO -  * Restarting with stat
2024-06-09 03:26:50,674 - werkzeug - WARNING -  * Debugger is active!
2024-06-09 03:26:50,674 - werkzeug - INFO -  * Debugger PIN: 561-016-852
2024-06-09 03:28:30,302 - werkzeug - INFO - [31m[1mWARNING: This is a development server. Do not use it in a production deployment. Use a production WSGI server instead.[0m
 * Running on all addresses (0.0.0.0)
 * Running on http://127.0.0.1:80
 * Running on http://172.18.0.3:80
2024-06-09 03:28:30,302 - werkzeug - INFO - [33mPress CTRL+C to quit[0m
2024-06-09 03:28:30,302 - werkzeug - INFO -  * Restarting with stat
2024-06-09 03:28:30,521 - werkzeug - WARNING -  * Debugger is active!
2024-06-09 03:28:30,522 - werkzeug - INFO -  * Debugger PIN: 561-016-852
2024-06-09 03:30:41,172 - werkzeug - INFO - [31m[1mWARNING: This is a development server. Do not use it in a production deployment. Use a production WSGI server instead.[0m
 * Running on all addresses (0.0.0.0)
 * Running on http://127.0.0.1:80
 * Running on http://172.18.0.3:80
2024-06-09 03:30:41,172 - werkzeug - INFO - [33mPress CTRL+C to quit[0m
2024-06-09 03:30:41,172 - werkzeug - INFO -  * Restarting with stat
2024-06-09 03:30:41,386 - werkzeug - WARNING -  * Debugger is active!
2024-06-09 03:30:41,387 - werkzeug - INFO -  * Debugger PIN: 561-016-852
2024-06-09 03:41:52,576 - werkzeug - INFO -  * Detected change in '/app/tests/test_pdf_toolset.py', reloading
2024-06-09 03:41:52,693 - werkzeug - INFO -  * Restarting with stat
2024-06-09 03:41:52,976 - werkzeug - WARNING -  * Debugger is active!
2024-06-09 03:41:52,976 - werkzeug - INFO -  * Debugger PIN: 561-016-852
2024-06-09 03:42:14,015 - werkzeug - INFO -  * Detected change in '/app/tests/test_pdf_toolset.py', reloading
2024-06-09 03:42:14,052 - werkzeug - INFO -  * Restarting with stat
2024-06-09 03:42:14,270 - werkzeug - WARNING -  * Debugger is active!
2024-06-09 03:42:14,270 - werkzeug - INFO -  * Debugger PIN: 561-016-852
2024-06-09 03:44:44,519 - werkzeug - INFO -  * Detected change in '/app/tests/test_pdf_toolset.py', reloading
2024-06-09 03:44:44,551 - werkzeug - INFO -  * Restarting with stat
2024-06-09 03:44:44,767 - werkzeug - WARNING -  * Debugger is active!
2024-06-09 03:44:44,767 - werkzeug - INFO -  * Debugger PIN: 561-016-852
2024-06-09 03:44:52,784 - werkzeug - INFO -  * Detected change in '/app/tests/test_pdf_toolset.py', reloading
2024-06-09 03:44:52,816 - werkzeug - INFO -  * Restarting with stat
2024-06-09 03:44:53,020 - werkzeug - WARNING -  * Debugger is active!
2024-06-09 03:44:53,020 - werkzeug - INFO -  * Debugger PIN: 561-016-852
2024-06-09 03:49:06,464 - werkzeug - INFO -  * Detected change in '/app/tests/test_pdf_toolset.py', reloading
2024-06-09 03:49:06,503 - werkzeug - INFO -  * Restarting with stat
2024-06-09 03:49:06,716 - werkzeug - WARNING -  * Debugger is active!
2024-06-09 03:49:06,716 - werkzeug - INFO -  * Debugger PIN: 561-016-852
2024-06-09 03:49:08,723 - werkzeug - INFO -  * Detected change in '/app/tests/test_pdf_toolset.py', reloading
2024-06-09 03:49:08,756 - werkzeug - INFO -  * Restarting with stat
2024-06-09 03:49:08,963 - werkzeug - WARNING -  * Debugger is active!
2024-06-09 03:49:08,964 - werkzeug - INFO -  * Debugger PIN: 561-016-852
2024-06-09 03:50:31,114 - werkzeug - INFO -  * Detected change in '/app/tests/test_pdf_toolset.py', reloading
2024-06-09 03:50:31,149 - werkzeug - INFO -  * Restarting with stat
2024-06-09 03:50:31,364 - werkzeug - WARNING -  * Debugger is active!
2024-06-09 03:50:31,365 - werkzeug - INFO -  * Debugger PIN: 561-016-852
2024-06-09 03:51:15,437 - werkzeug - INFO -  * Detected change in '/app/tests/test_pdf_toolset.py', reloading
2024-06-09 03:51:15,472 - werkzeug - INFO -  * Restarting with stat
2024-06-09 03:51:15,681 - werkzeug - WARNING -  * Debugger is active!
2024-06-09 03:51:15,681 - werkzeug - INFO -  * Debugger PIN: 561-016-852
2024-06-09 03:51:20,692 - werkzeug - INFO -  * Detected change in '/app/tests/test_pdf_toolset.py', reloading
2024-06-09 03:51:20,724 - werkzeug - INFO -  * Restarting with stat
2024-06-09 03:51:20,922 - werkzeug - WARNING -  * Debugger is active!
2024-06-09 03:51:20,922 - werkzeug - INFO -  * Debugger PIN: 561-016-852
2024-06-09 03:51:57,867 - werkzeug - INFO - 172.18.0.1 - - [09/Jun/2024 03:51:57] "[32mGET /pdf-text?pdf_file=test.pdf&page=40 HTTP/1.1[0m" 308 -
2024-06-09 03:51:57,871 - root - INFO - Extracting text from page 40 of test.pdf
2024-06-09 03:51:57,872 - werkzeug - INFO - 172.18.0.1 - - [09/Jun/2024 03:51:57] "[31m[1mGET /pdf-text/?pdf_file=test.pdf&page=40 HTTP/1.1[0m" 400 -
2024-06-09 03:52:46,070 - werkzeug - INFO -  * Detected change in '/app/tests/test_pdf_toolset.py', reloading
2024-06-09 03:52:46,115 - werkzeug - INFO -  * Restarting with stat
2024-06-09 03:52:46,321 - werkzeug - WARNING -  * Debugger is active!
2024-06-09 03:52:46,322 - werkzeug - INFO -  * Debugger PIN: 561-016-852
2024-06-09 03:52:46,961 - werkzeug - INFO - 172.18.0.1 - - [09/Jun/2024 03:52:46] "[32mGET /pdf-text?pdf_file=test.pdf&page=40 HTTP/1.1[0m" 308 -
2024-06-09 03:52:46,965 - root - INFO - Extracting text from page 40 of test.pdf
2024-06-09 03:52:46,966 - werkzeug - INFO - 172.18.0.1 - - [09/Jun/2024 03:52:46] "[31m[1mGET /pdf-text/?pdf_file=test.pdf&page=40 HTTP/1.1[0m" 400 -
2024-06-09 03:53:15,378 - werkzeug - INFO -  * Detected change in '/app/tests/test_pdf_toolset.py', reloading
2024-06-09 03:53:15,459 - werkzeug - INFO -  * Restarting with stat
2024-06-09 03:53:15,716 - werkzeug - WARNING -  * Debugger is active!
2024-06-09 03:53:15,717 - werkzeug - INFO -  * Debugger PIN: 561-016-852
2024-06-09 03:53:19,727 - werkzeug - INFO -  * Detected change in '/app/tests/test_pdf_toolset.py', reloading
2024-06-09 03:53:19,760 - werkzeug - INFO -  * Restarting with stat
2024-06-09 03:53:19,966 - werkzeug - WARNING -  * Debugger is active!
2024-06-09 03:53:19,966 - werkzeug - INFO -  * Debugger PIN: 561-016-852
2024-06-09 03:53:58,032 - werkzeug - INFO -  * Detected change in '/app/tests/test_pdf_toolset.py', reloading
2024-06-09 03:53:58,063 - werkzeug - INFO -  * Restarting with stat
2024-06-09 03:53:58,276 - werkzeug - WARNING -  * Debugger is active!
2024-06-09 03:53:58,277 - werkzeug - INFO -  * Debugger PIN: 561-016-852
2024-06-09 03:54:28,336 - werkzeug - INFO -  * Detected change in '/app/tests/test_pdf_toolset.py', reloading
2024-06-09 03:54:28,366 - werkzeug - INFO -  * Restarting with stat
2024-06-09 03:54:28,580 - werkzeug - WARNING -  * Debugger is active!
2024-06-09 03:54:28,580 - werkzeug - INFO -  * Debugger PIN: 561-016-852
2024-06-09 03:55:54,728 - werkzeug - INFO -  * Detected change in '/app/components/pdf_toolset.py', reloading
2024-06-09 03:55:54,759 - werkzeug - INFO -  * Restarting with stat
2024-06-09 03:55:54,966 - werkzeug - WARNING -  * Debugger is active!
2024-06-09 03:55:54,967 - werkzeug - INFO -  * Debugger PIN: 561-016-852
2024-06-09 03:56:19,009 - werkzeug - INFO -  * Detected change in '/app/tests/test_pdf_toolset.py', reloading
2024-06-09 03:56:19,040 - werkzeug - INFO -  * Restarting with stat
2024-06-09 03:56:19,271 - werkzeug - WARNING -  * Debugger is active!
2024-06-09 03:56:19,272 - werkzeug - INFO -  * Debugger PIN: 561-016-852
2024-06-09 03:56:30,300 - werkzeug - INFO -  * Detected change in '/app/tests/test_pdf_toolset.py', reloading
2024-06-09 03:56:30,334 - werkzeug - INFO -  * Restarting with stat
2024-06-09 03:56:30,547 - werkzeug - WARNING -  * Debugger is active!
2024-06-09 03:56:30,547 - werkzeug - INFO -  * Debugger PIN: 561-016-852
2024-06-09 03:56:46,584 - werkzeug - INFO -  * Detected change in '/app/tests/test_pdf_toolset.py', reloading
2024-06-09 03:56:46,618 - werkzeug - INFO -  * Restarting with stat
2024-06-09 03:56:46,839 - werkzeug - WARNING -  * Debugger is active!
2024-06-09 03:56:46,839 - werkzeug - INFO -  * Debugger PIN: 561-016-852
2024-06-09 03:59:33,156 - werkzeug - INFO -  * Detected change in '/app/tests/test_pdf_toolset.py', reloading
2024-06-09 03:59:33,191 - werkzeug - INFO -  * Restarting with stat
2024-06-09 03:59:33,406 - werkzeug - WARNING -  * Debugger is active!
2024-06-09 03:59:33,406 - werkzeug - INFO -  * Debugger PIN: 561-016-852
2024-06-09 04:00:11,477 - werkzeug - INFO -  * Detected change in '/app/tests/test_pdf_toolset.py', reloading
2024-06-09 04:00:11,510 - werkzeug - INFO -  * Restarting with stat
2024-06-09 04:00:11,728 - werkzeug - WARNING -  * Debugger is active!
2024-06-09 04:00:11,728 - werkzeug - INFO -  * Debugger PIN: 561-016-852
2024-06-09 04:01:37,893 - werkzeug - INFO -  * Detected change in '/app/app.py', reloading
2024-06-09 04:01:37,924 - werkzeug - INFO -  * Restarting with stat
2024-06-09 04:01:38,132 - werkzeug - WARNING -  * Debugger is active!
2024-06-09 04:01:38,133 - werkzeug - INFO -  * Debugger PIN: 187-117-398
2024-06-09 04:01:49,153 - werkzeug - INFO -  * Detected change in '/app/app.py', reloading
2024-06-09 04:01:49,186 - werkzeug - INFO -  * Restarting with stat
2024-06-09 04:01:49,404 - werkzeug - WARNING -  * Debugger is active!
2024-06-09 04:01:49,404 - werkzeug - INFO -  * Debugger PIN: 187-117-398
2024-06-09 04:02:06,438 - werkzeug - INFO -  * Detected change in '/app/components/pdf_toolset.py', reloading
2024-06-09 04:02:06,471 - werkzeug - INFO -  * Restarting with stat
2024-06-09 04:02:06,685 - werkzeug - WARNING -  * Debugger is active!
2024-06-09 04:02:06,685 - werkzeug - INFO -  * Debugger PIN: 187-117-398
2024-06-09 04:02:13,699 - werkzeug - INFO -  * Detected change in '/app/app.py', reloading
2024-06-09 04:02:13,735 - werkzeug - INFO -  * Restarting with stat
2024-06-09 04:02:13,951 - werkzeug - WARNING -  * Debugger is active!
2024-06-09 04:02:13,952 - werkzeug - INFO -  * Debugger PIN: 187-117-398
2024-06-09 04:02:18,965 - werkzeug - INFO -  * Detected change in '/app/app.py', reloading
2024-06-09 04:02:18,998 - werkzeug - INFO -  * Restarting with stat
2024-06-09 04:02:19,211 - werkzeug - WARNING -  * Debugger is active!
2024-06-09 04:02:19,211 - werkzeug - INFO -  * Debugger PIN: 187-117-398
2024-06-09 04:02:29,230 - werkzeug - INFO -  * Detected change in '/app/app.py', reloading
2024-06-09 04:02:29,264 - werkzeug - INFO -  * Restarting with stat
2024-06-09 04:02:29,474 - werkzeug - WARNING -  * Debugger is active!
2024-06-09 04:02:29,474 - werkzeug - INFO -  * Debugger PIN: 561-016-852
2024-06-09 04:03:41,607 - werkzeug - INFO -  * Detected change in '/app/tests/test_pdf_toolset.py', reloading
2024-06-09 04:03:41,639 - werkzeug - INFO -  * Restarting with stat
2024-06-09 04:03:41,851 - werkzeug - WARNING -  * Debugger is active!
2024-06-09 04:03:41,851 - werkzeug - INFO -  * Debugger PIN: 561-016-852
2024-06-09 04:04:34,945 - werkzeug - INFO -  * Detected change in '/app/app.py', reloading
2024-06-09 04:04:34,980 - werkzeug - INFO -  * Restarting with stat
2024-06-09 04:04:35,187 - werkzeug - WARNING -  * Debugger is active!
2024-06-09 04:04:35,188 - werkzeug - INFO -  * Debugger PIN: 561-016-852
2024-06-09 04:05:09,250 - werkzeug - INFO -  * Detected change in '/app/tests/test_pdf_toolset.py', reloading
2024-06-09 04:05:09,286 - werkzeug - INFO -  * Restarting with stat
2024-06-09 04:05:09,500 - werkzeug - WARNING -  * Debugger is active!
2024-06-09 04:05:09,500 - werkzeug - INFO -  * Debugger PIN: 561-016-852
2024-06-09 04:05:17,518 - werkzeug - INFO -  * Detected change in '/app/tests/test_pdf_toolset.py', reloading
2024-06-09 04:05:17,550 - werkzeug - INFO -  * Restarting with stat
2024-06-09 04:05:17,767 - werkzeug - WARNING -  * Debugger is active!
2024-06-09 04:05:17,767 - werkzeug - INFO -  * Debugger PIN: 561-016-852
2024-06-09 04:05:27,789 - werkzeug - INFO -  * Detected change in '/app/tests/test_pdf_toolset.py', reloading
2024-06-09 04:05:27,824 - werkzeug - INFO -  * Restarting with stat
2024-06-09 04:05:28,039 - werkzeug - WARNING -  * Debugger is active!
2024-06-09 04:05:28,040 - werkzeug - INFO -  * Debugger PIN: 561-016-852
2024-06-09 04:05:44,070 - werkzeug - INFO -  * Detected change in '/app/tests/test_pdf_toolset.py', reloading
2024-06-09 04:05:44,111 - werkzeug - INFO -  * Restarting with stat
2024-06-09 04:05:44,336 - werkzeug - WARNING -  * Debugger is active!
2024-06-09 04:05:44,337 - werkzeug - INFO -  * Debugger PIN: 561-016-852
2024-06-09 04:07:08,481 - werkzeug - INFO -  * Detected change in '/app/tests/test_pdf_toolset.py', reloading
2024-06-09 04:07:08,516 - werkzeug - INFO -  * Restarting with stat
2024-06-09 04:07:08,741 - werkzeug - WARNING -  * Debugger is active!
2024-06-09 04:07:08,742 - werkzeug - INFO -  * Debugger PIN: 561-016-852
2024-06-09 04:09:00,966 - werkzeug - INFO - [31m[1mWARNING: This is a development server. Do not use it in a production deployment. Use a production WSGI server instead.[0m
 * Running on all addresses (0.0.0.0)
 * Running on http://127.0.0.1:80
 * Running on http://172.18.0.3:80
2024-06-09 04:09:00,966 - werkzeug - INFO - [33mPress CTRL+C to quit[0m
2024-06-09 04:09:00,966 - werkzeug - INFO -  * Restarting with stat
2024-06-09 04:09:01,193 - werkzeug - WARNING -  * Debugger is active!
2024-06-09 04:09:01,194 - werkzeug - INFO -  * Debugger PIN: 561-016-852
2024-06-09 04:09:55,292 - werkzeug - INFO -  * Detected change in '/app/tests/test_pdf_toolset.py', reloading
2024-06-09 04:09:55,432 - werkzeug - INFO -  * Restarting with stat
2024-06-09 04:09:55,684 - werkzeug - WARNING -  * Debugger is active!
2024-06-09 04:09:55,684 - werkzeug - INFO -  * Debugger PIN: 561-016-852
2024-06-09 04:10:27,740 - werkzeug - INFO -  * Detected change in '/app/tests/test_pdf_toolset.py', reloading
2024-06-09 04:10:27,773 - werkzeug - INFO -  * Restarting with stat
2024-06-09 04:10:28,003 - werkzeug - WARNING -  * Debugger is active!
2024-06-09 04:10:28,003 - werkzeug - INFO -  * Debugger PIN: 561-016-852
2024-06-09 04:10:55,050 - werkzeug - INFO -  * Detected change in '/app/tests/test_pdf_toolset.py', reloading
2024-06-09 04:10:55,080 - werkzeug - INFO -  * Restarting with stat
2024-06-09 04:10:55,310 - werkzeug - WARNING -  * Debugger is active!
2024-06-09 04:10:55,310 - werkzeug - INFO -  * Debugger PIN: 561-016-852
2024-06-09 04:15:49,049 - werkzeug - INFO - 172.18.0.1 - - [09/Jun/2024 04:15:49] "[33mGET /favicon.ico HTTP/1.1[0m" 404 -
2024-06-09 04:17:02,976 - werkzeug - INFO -  * Detected change in '/app/tests/test_upload.py', reloading
2024-06-09 04:17:03,009 - werkzeug - INFO -  * Restarting with stat
2024-06-09 04:17:03,235 - werkzeug - WARNING -  * Debugger is active!
2024-06-09 04:17:03,235 - werkzeug - INFO -  * Debugger PIN: 561-016-852
2024-06-09 04:17:31,289 - werkzeug - INFO -  * Detected change in '/app/tests/test_upload.py', reloading
2024-06-09 04:17:31,323 - werkzeug - INFO -  * Restarting with stat
2024-06-09 04:17:31,543 - werkzeug - WARNING -  * Debugger is active!
2024-06-09 04:17:31,543 - werkzeug - INFO -  * Debugger PIN: 561-016-852
2024-06-09 04:17:45,572 - werkzeug - INFO -  * Detected change in '/app/tests/test_upload.py', reloading
2024-06-09 04:17:45,604 - werkzeug - INFO -  * Restarting with stat
2024-06-09 04:17:45,828 - werkzeug - WARNING -  * Debugger is active!
2024-06-09 04:17:45,828 - werkzeug - INFO -  * Debugger PIN: 561-016-852
2024-06-09 04:17:51,840 - werkzeug - INFO -  * Detected change in '/app/tests/test_upload.py', reloading
2024-06-09 04:17:51,876 - werkzeug - INFO -  * Restarting with stat
2024-06-09 04:17:52,103 - werkzeug - WARNING -  * Debugger is active!
2024-06-09 04:17:52,103 - werkzeug - INFO -  * Debugger PIN: 561-016-852
2024-06-09 04:18:20,158 - werkzeug - INFO -  * Detected change in '/app/tests/test_upload.py', reloading
2024-06-09 04:18:20,191 - werkzeug - INFO -  * Restarting with stat
2024-06-09 04:18:20,410 - werkzeug - WARNING -  * Debugger is active!
2024-06-09 04:18:20,410 - werkzeug - INFO -  * Debugger PIN: 561-016-852
2024-06-09 04:18:57,473 - werkzeug - INFO -  * Detected change in '/app/tests/test_upload.py', reloading
2024-06-09 04:18:57,506 - werkzeug - INFO -  * Restarting with stat
2024-06-09 04:18:57,728 - werkzeug - WARNING -  * Debugger is active!
2024-06-09 04:18:57,729 - werkzeug - INFO -  * Debugger PIN: 561-016-852
2024-06-09 04:20:37,911 - werkzeug - INFO -  * Detected change in '/app/tests/test_upload.py', reloading
2024-06-09 04:20:37,943 - werkzeug - INFO -  * Restarting with stat
2024-06-09 04:20:38,168 - werkzeug - WARNING -  * Debugger is active!
2024-06-09 04:20:38,169 - werkzeug - INFO -  * Debugger PIN: 561-016-852
2024-06-09 04:23:10,427 - werkzeug - INFO -  * Detected change in '/app/models.py', reloading
2024-06-09 04:23:10,459 - werkzeug - INFO -  * Restarting with stat
2024-06-09 04:23:10,687 - werkzeug - WARNING -  * Debugger is active!
2024-06-09 04:23:10,687 - werkzeug - INFO -  * Debugger PIN: 561-016-852
2024-06-09 04:23:18,708 - werkzeug - INFO -  * Detected change in '/app/models.py', reloading
2024-06-09 04:23:18,744 - werkzeug - INFO -  * Restarting with stat
2024-06-09 04:23:18,971 - werkzeug - WARNING -  * Debugger is active!
2024-06-09 04:23:18,971 - werkzeug - INFO -  * Debugger PIN: 561-016-852
2024-06-09 04:24:14,079 - werkzeug - INFO -  * Detected change in '/app/config.py', reloading
2024-06-09 04:24:14,115 - werkzeug - INFO -  * Restarting with stat
2024-06-09 04:24:14,316 - werkzeug - WARNING -  * Debugger is active!
2024-06-09 04:24:14,317 - werkzeug - INFO -  * Debugger PIN: 187-117-398
2024-06-09 04:27:57,509 - werkzeug - INFO - [31m[1mWARNING: This is a development server. Do not use it in a production deployment. Use a production WSGI server instead.[0m
 * Running on all addresses (0.0.0.0)
 * Running on http://127.0.0.1:80
 * Running on http://172.18.0.3:80
2024-06-09 04:27:57,510 - werkzeug - INFO - [33mPress CTRL+C to quit[0m
2024-06-09 04:27:57,510 - werkzeug - INFO -  * Restarting with stat
2024-06-09 04:27:57,768 - werkzeug - WARNING -  * Debugger is active!
2024-06-09 04:27:57,768 - werkzeug - INFO -  * Debugger PIN: 561-016-852
2024-06-09 04:29:04,929 - werkzeug - INFO -  * Detected change in '/app/config.py', reloading
2024-06-09 04:29:04,960 - werkzeug - INFO -  * Restarting with stat
2024-06-09 04:29:05,158 - werkzeug - WARNING -  * Debugger is active!
2024-06-09 04:29:05,158 - werkzeug - INFO -  * Debugger PIN: 187-117-398
2024-06-09 04:29:17,180 - werkzeug - INFO -  * Detected change in '/app/config.py', reloading
2024-06-09 04:29:17,210 - werkzeug - INFO -  * Restarting with stat
2024-06-09 04:29:17,429 - werkzeug - WARNING -  * Debugger is active!
2024-06-09 04:29:17,430 - werkzeug - INFO -  * Debugger PIN: 561-016-852
2024-06-09 04:29:42,480 - werkzeug - INFO -  * Detected change in '/app/config.py', reloading
2024-06-09 04:29:42,515 - werkzeug - INFO -  * Restarting with stat
2024-06-09 04:29:42,747 - werkzeug - WARNING -  * Debugger is active!
2024-06-09 04:29:42,747 - werkzeug - INFO -  * Debugger PIN: 561-016-852
2024-06-09 04:29:50,431 - werkzeug - INFO - 172.18.0.1 - - [09/Jun/2024 04:29:50] "GET / HTTP/1.1" 200 -
2024-06-09 04:35:36,084 - werkzeug - INFO - [31m[1mWARNING: This is a development server. Do not use it in a production deployment. Use a production WSGI server instead.[0m
 * Running on all addresses (0.0.0.0)
 * Running on http://127.0.0.1:80
 * Running on http://172.18.0.3:80
2024-06-09 04:35:36,084 - werkzeug - INFO - [33mPress CTRL+C to quit[0m
2024-06-09 04:35:36,085 - werkzeug - INFO -  * Restarting with stat
2024-06-09 04:35:36,313 - werkzeug - WARNING -  * Debugger is active!
2024-06-09 04:35:36,313 - werkzeug - INFO -  * Debugger PIN: 561-016-852
